2022-05-02 22:12:23,449 [Worker-8: Loading available Gradle versions] INFO  o.e.b.c.i.u.g.PublishedGradleVersions - Gradle version information cache is up-to-date. Trying to read.
2022-05-02 22:12:43,654 [Worker-5: Maven プロジェクトのインポート中] INFO  o.e.m.c.i.l.LifecycleMappingFactory - Using org.eclipse.m2e.jdt.JarLifecycleMapping lifecycle mapping for MavenProject: com.example.pictgram:pictgram:0.0.1-SNAPSHOT @ /Users/fukujuumakoto/workspace/teckboost/morii/pictgram/pom.xml.
2022-05-02 22:12:47,025 [Worker-5: Maven プロジェクトのインポート中] INFO  o.e.m.j.i.AbstractJavaProjectConfigurator - Adding source folder /pictgram/src/main/java
2022-05-02 22:12:47,026 [Worker-5: Maven プロジェクトのインポート中] INFO  o.e.m.j.i.AbstractJavaProjectConfigurator - Adding resource folder /pictgram/src/main/resources
2022-05-02 22:12:47,027 [Worker-5: Maven プロジェクトのインポート中] INFO  o.e.m.j.i.AbstractJavaProjectConfigurator - Adding resource folder /pictgram/src/main/resources
2022-05-02 22:12:47,030 [Worker-5: Maven プロジェクトのインポート中] INFO  o.e.m.j.i.AbstractJavaProjectConfigurator - Adding source folder /pictgram/src/test/java
2022-05-02 22:12:50,462 [Worker-14: ソースおよび Javadoc のダウンロード] INFO  o.e.m.c.i.e.AbstractTransferListenerAdapter - https://repo.maven.apache.org/maven2/org/springframework/boot/spring-boot-devtools/2.6.3/spring-boot-devtools-2.6.3-sources.jar のダウンロード中
2022-05-02 22:12:50,723 [Worker-5: Maven プロジェクトのインポート中] INFO  o.e.m.c.i.p.ProjectConfigurationManager - Imported and configured 1 project(s) in 11 sec
2022-05-02 22:12:50,888 [Worker-14: ソースおよび Javadoc のダウンロード] INFO  o.e.m.c.i.e.AbstractTransferListenerAdapter - Downloaded https://repo.maven.apache.org/maven2/org/springframework/boot/spring-boot-devtools/2.6.3/spring-boot-devtools-2.6.3-sources.jar
2022-05-02 22:12:50,901 [Worker-14: ソースおよび Javadoc のダウンロード] INFO  o.e.m.j.internal.DownloadSourcesJob - Downloaded sources for org.springframework.boot:spring-boot-devtools:2.6.3
2022-05-02 22:12:51,539 [Worker-14: ソースおよび Javadoc のダウンロード] INFO  o.e.m.c.i.e.AbstractTransferListenerAdapter - https://repo.maven.apache.org/maven2/org/springframework/boot/spring-boot-starter-security/2.6.3/spring-boot-starter-security-2.6.3-sources.jar のダウンロード中
2022-05-02 22:12:51,845 [Worker-14: ソースおよび Javadoc のダウンロード] INFO  o.e.m.c.i.e.AbstractTransferListenerAdapter - Downloaded https://repo.maven.apache.org/maven2/org/springframework/boot/spring-boot-starter-security/2.6.3/spring-boot-starter-security-2.6.3-sources.jar
2022-05-02 22:12:51,858 [Worker-14: ソースおよび Javadoc のダウンロード] INFO  o.e.m.j.internal.DownloadSourcesJob - Downloaded sources for org.springframework.boot:spring-boot-starter-security:2.6.3
2022-05-02 22:12:52,575 [Worker-14: ソースおよび Javadoc のダウンロード] INFO  o.e.m.c.i.e.AbstractTransferListenerAdapter - https://repo.maven.apache.org/maven2/org/springframework/security/spring-security-config/5.6.1/spring-security-config-5.6.1-sources.jar のダウンロード中
2022-05-02 22:12:53,359 [Worker-14: ソースおよび Javadoc のダウンロード] INFO  o.e.m.c.i.e.AbstractTransferListenerAdapter - Downloaded https://repo.maven.apache.org/maven2/org/springframework/security/spring-security-config/5.6.1/spring-security-config-5.6.1-sources.jar
2022-05-02 22:12:53,375 [Worker-14: ソースおよび Javadoc のダウンロード] INFO  o.e.m.j.internal.DownloadSourcesJob - Downloaded sources for org.springframework.security:spring-security-config:5.6.1
2022-05-02 22:12:54,023 [Worker-14: ソースおよび Javadoc のダウンロード] INFO  o.e.m.c.i.e.AbstractTransferListenerAdapter - https://repo.maven.apache.org/maven2/org/springframework/security/spring-security-crypto/5.6.1/spring-security-crypto-5.6.1-sources.jar のダウンロード中
2022-05-02 22:12:54,332 [Worker-14: ソースおよび Javadoc のダウンロード] INFO  o.e.m.c.i.e.AbstractTransferListenerAdapter - Downloaded https://repo.maven.apache.org/maven2/org/springframework/security/spring-security-crypto/5.6.1/spring-security-crypto-5.6.1-sources.jar
2022-05-02 22:12:54,355 [Worker-14: ソースおよび Javadoc のダウンロード] INFO  o.e.m.j.internal.DownloadSourcesJob - Downloaded sources for org.springframework.security:spring-security-crypto:5.6.1
2022-05-02 22:12:55,259 [Worker-14: ソースおよび Javadoc のダウンロード] INFO  o.e.m.c.i.e.AbstractTransferListenerAdapter - https://repo.maven.apache.org/maven2/org/springframework/security/spring-security-web/5.6.1/spring-security-web-5.6.1-sources.jar のダウンロード中
2022-05-02 22:12:55,942 [Worker-14: ソースおよび Javadoc のダウンロード] INFO  o.e.m.c.i.e.AbstractTransferListenerAdapter - Downloaded https://repo.maven.apache.org/maven2/org/springframework/security/spring-security-web/5.6.1/spring-security-web-5.6.1-sources.jar
2022-05-02 22:12:55,967 [Worker-14: ソースおよび Javadoc のダウンロード] INFO  o.e.m.j.internal.DownloadSourcesJob - Downloaded sources for org.springframework.security:spring-security-web:5.6.1
2022-05-02 22:12:56,178 [Worker-3: ビルド] INFO  o.e.m.c.i.embedder.EclipseLogger - Using 'UTF-8' encoding to copy filtered resources.
2022-05-02 22:12:56,181 [Worker-3: ビルド] INFO  o.e.m.c.i.embedder.EclipseLogger - Using 'UTF-8' encoding to copy filtered properties files.
2022-05-02 22:12:56,211 [Worker-3: ビルド] INFO  o.e.m.c.i.embedder.EclipseLogger - Copying 2 resources
2022-05-02 22:12:56,273 [Worker-3: ビルド] INFO  o.e.m.c.i.embedder.EclipseLogger - Copying 35 resources
2022-05-02 22:12:56,501 [Worker-3: ビルド] INFO  o.e.m.c.i.embedder.EclipseLogger - Using 'UTF-8' encoding to copy filtered resources.
2022-05-02 22:12:56,512 [Worker-3: ビルド] INFO  o.e.m.c.i.embedder.EclipseLogger - Using 'UTF-8' encoding to copy filtered properties files.
2022-05-02 22:12:56,513 [Worker-3: ビルド] INFO  o.e.m.c.i.embedder.EclipseLogger - skip non existing resourceDirectory /Users/fukujuumakoto/workspace/teckboost/morii/pictgram/src/test/resources
2022-05-02 22:12:56,716 [Worker-14: ソースおよび Javadoc のダウンロード] INFO  o.e.m.c.i.e.AbstractTransferListenerAdapter - https://repo.maven.apache.org/maven2/org/modelmapper/modelmapper/2.4.4/modelmapper-2.4.4-sources.jar のダウンロード中
2022-05-02 22:12:57,350 [Worker-14: ソースおよび Javadoc のダウンロード] INFO  o.e.m.c.i.e.AbstractTransferListenerAdapter - Downloaded https://repo.maven.apache.org/maven2/org/modelmapper/modelmapper/2.4.4/modelmapper-2.4.4-sources.jar
2022-05-02 22:12:57,376 [Worker-14: ソースおよび Javadoc のダウンロード] INFO  o.e.m.j.internal.DownloadSourcesJob - Downloaded sources for org.modelmapper:modelmapper:2.4.4
2022-05-02 22:12:58,252 [Worker-14: ソースおよび Javadoc のダウンロード] INFO  o.e.m.c.i.e.AbstractTransferListenerAdapter - https://repo.maven.apache.org/maven2/commons-fileupload/commons-fileupload/1.4/commons-fileupload-1.4-sources.jar のダウンロード中
2022-05-02 22:12:58,647 [Worker-14: ソースおよび Javadoc のダウンロード] INFO  o.e.m.c.i.e.AbstractTransferListenerAdapter - Downloaded https://repo.maven.apache.org/maven2/commons-fileupload/commons-fileupload/1.4/commons-fileupload-1.4-sources.jar
2022-05-02 22:12:58,664 [Worker-14: ソースおよび Javadoc のダウンロード] INFO  o.e.m.j.internal.DownloadSourcesJob - Downloaded sources for commons-fileupload:commons-fileupload:1.4
2022-05-02 22:12:59,159 [Worker-3: ビルド] INFO  o.e.m.c.i.embedder.EclipseLogger - Checked 0 files for /Users/fukujuumakoto/workspace/teckboost/morii/pictgram/src/main/sass
2022-05-02 22:12:59,164 [Worker-3: ビルド] INFO  o.e.m.c.i.embedder.EclipseLogger - Checked 0 filtered (**/*.css) files for /Users/fukujuumakoto/workspace/teckboost/morii/pictgram/target/pictgram-0.0.1-SNAPSHOT/css
2022-05-02 22:12:59,164 [Worker-3: ビルド] INFO  o.e.m.c.i.embedder.EclipseLogger - Compiling Sass templates
2022-05-02 22:12:59,172 [Worker-3: ビルド] INFO  o.e.m.c.i.embedder.EclipseLogger - Queueing Sass template for compile: /Users/fukujuumakoto/workspace/teckboost/morii/pictgram/src/main/resources/static/scss => /Users/fukujuumakoto/workspace/teckboost/morii/pictgram/src/main/resources/static/css
2022-05-02 22:12:59,434 [Worker-14: ソースおよび Javadoc のダウンロード] INFO  o.e.m.c.i.e.AbstractTransferListenerAdapter - https://repo.maven.apache.org/maven2/commons-io/commons-io/2.2/commons-io-2.2-sources.jar のダウンロード中
2022-05-02 22:12:59,915 [Worker-14: ソースおよび Javadoc のダウンロード] INFO  o.e.m.c.i.e.AbstractTransferListenerAdapter - Downloaded https://repo.maven.apache.org/maven2/commons-io/commons-io/2.2/commons-io-2.2-sources.jar
2022-05-02 22:12:59,935 [Worker-14: ソースおよび Javadoc のダウンロード] INFO  o.e.m.j.internal.DownloadSourcesJob - Downloaded sources for commons-io:commons-io:2.2
2022-05-02 22:13:08,352 [Worker-3: ビルド] INFO  o.e.m.c.i.embedder.EclipseLogger -     >> /Users/fukujuumakoto/workspace/teckboost/morii/pictgram/src/main/resources/static/scss/style.scss => /Users/fukujuumakoto/workspace/teckboost/morii/pictgram/src/main/resources/static/css/style.css
2022-05-02 22:13:11,002 [Worker-4: ビルド] INFO  o.e.m.c.i.embedder.EclipseLogger - Using 'UTF-8' encoding to copy filtered resources.
2022-05-02 22:13:11,003 [Worker-4: ビルド] INFO  o.e.m.c.i.embedder.EclipseLogger - Using 'UTF-8' encoding to copy filtered properties files.
2022-05-02 22:13:11,006 [Worker-4: ビルド] INFO  o.e.m.c.i.embedder.EclipseLogger - Copying 0 resource
2022-05-02 22:13:11,008 [Worker-4: ビルド] INFO  o.e.m.c.i.embedder.EclipseLogger - Copying 0 resource
2022-05-02 22:13:11,009 [Worker-4: ビルド] INFO  o.e.m.c.i.embedder.EclipseLogger - Using 'UTF-8' encoding to copy filtered resources.
2022-05-02 22:13:11,010 [Worker-4: ビルド] INFO  o.e.m.c.i.embedder.EclipseLogger - Using 'UTF-8' encoding to copy filtered properties files.
2022-05-02 22:13:11,010 [Worker-4: ビルド] INFO  o.e.m.c.i.embedder.EclipseLogger - skip non existing resourceDirectory /Users/fukujuumakoto/workspace/teckboost/morii/pictgram/src/test/resources
2022-05-02 22:13:11,013 [Worker-4: ビルド] INFO  o.e.m.c.i.embedder.EclipseLogger - Checked 0 files for /Users/fukujuumakoto/workspace/teckboost/morii/pictgram/src/main/sass
2022-05-02 22:13:11,014 [Worker-4: ビルド] INFO  o.e.m.c.i.embedder.EclipseLogger - Checked 0 filtered (**/*.css) files for /Users/fukujuumakoto/workspace/teckboost/morii/pictgram/target/pictgram-0.0.1-SNAPSHOT/css
2022-05-02 22:13:11,015 [Worker-4: ビルド] INFO  o.e.m.c.i.embedder.EclipseLogger - Compiling Sass templates
2022-05-02 22:13:11,015 [Worker-4: ビルド] INFO  o.e.m.c.i.embedder.EclipseLogger - Queueing Sass template for compile: /Users/fukujuumakoto/workspace/teckboost/morii/pictgram/src/main/resources/static/scss => /Users/fukujuumakoto/workspace/teckboost/morii/pictgram/src/main/resources/static/css
2022-05-02 22:13:14,697 [Worker-4: ビルド] INFO  o.e.m.c.i.embedder.EclipseLogger -     >> /Users/fukujuumakoto/workspace/teckboost/morii/pictgram/src/main/resources/static/scss/style.scss => /Users/fukujuumakoto/workspace/teckboost/morii/pictgram/src/main/resources/static/css/style.css
2022-05-03 00:32:14,708 [main] INFO  o.e.m2e.actions.ExecutePomAction - Creating new launch configuration
